================================================================
======== txAdmin v8.0.1 atop fxserver 25770 Starting - 9.06.2026, 18:32:58
================================================================
[18:33:31][real1kiko] created admins file
[18:34:08][real1kiko] Config changes: general.serverName, server.dataPath
[18:34:08][real1kiko] Changing global/fxserver settings via setup stepper.
[18:34:12][MONITOR] Restarting server: Server process close detected.
================================================================
======== txAdmin v8.0.1 atop fxserver 25770 Starting - 9.06.2026, 18:34:25
================================================================
[18:35:56][real1kiko] logged in from 127.0.0.1 via cfxre
================================================================
======== txAdmin v8.0.1 atop fxserver 25770 Starting - 9.06.2026, 18:40:38
================================================================
================================================================
======== txAdmin v8.0.1 atop fxserver 25770 Starting - 9.06.2026, 18:45:27
================================================================
[19:06:26][real1kiko] logged in from 127.0.0.1 via cfxre
================================================================
======== txAdmin v8.0.1 atop fxserver 25770 Starting - 9.06.2026, 19:09:09
================================================================
================================================================
======== txAdmin v8.0.1 atop fxserver 25770 Starting - 9.06.2026, 19:22:01
================================================================
================================================================
======== txAdmin v8.0.1 atop fxserver 25770 Starting - 9.06.2026, 19:37:20
================================================================
