================================================================
======== txAdmin v8.0.1 atop fxserver 25770 Starting - 19.06.2026, 15:56:28
================================================================
================================================================
======== Log Rotated - 19.06.2026, 15:56:30                     
================================================================
================================================================
======== txAdmin v8.0.1 atop fxserver 25770 Starting - 19.06.2026, 16:21:21
================================================================
================================================================
======== txAdmin v8.0.1 atop fxserver 25770 Starting - 19.06.2026, 16:23:40
================================================================
================================================================
======== txAdmin v8.0.1 atop fxserver 25770 Starting - 19.06.2026, 16:35:25
================================================================
================================================================
======== txAdmin v8.0.1 atop fxserver 25770 Starting - 19.06.2026, 16:38:30
================================================================
================================================================
======== txAdmin v8.0.1 atop fxserver 25770 Starting - 19.06.2026, 16:41:25
================================================================
[16:42:06][real1kiko] logged in from 127.0.0.1 via cfxre
================================================================
======== txAdmin v8.0.1 atop fxserver 25770 Starting - 19.06.2026, 16:56:37
================================================================
[16:56:48][real1kiko] logged in from 127.0.0.1 via cfxre
================================================================
======== txAdmin v8.0.1 atop fxserver 25770 Starting - 19.06.2026, 16:59:19
================================================================
================================================================
======== txAdmin v8.0.1 atop fxserver 25770 Starting - 19.06.2026, 16:59:47
================================================================
[16:59:56][real1kiko] logged in from 127.0.0.1 via cfxre
================================================================
======== txAdmin v8.0.1 atop fxserver 25770 Starting - 19.06.2026, 17:03:29
================================================================
================================================================
======== txAdmin v8.0.1 atop fxserver 25770 Starting - 19.06.2026, 17:25:08
================================================================
================================================================
======== txAdmin v8.0.1 atop fxserver 25770 Starting - 19.06.2026, 17:25:15
================================================================
[17:25:30][real1kiko] logged in from 127.0.0.1 via cfxre
================================================================
======== txAdmin v8.0.1 atop fxserver 25770 Starting - 19.06.2026, 17:26:59
================================================================
[17:28:03][real1kiko] logged in from 127.0.0.1 via cfxre
[17:29:49][real1kiko] [real1kiko] executed "RESTART SERVER"
[17:31:56][real1kiko] [real1kiko] executed "lua "CreateThread(function() while true do TriggerServerEvent('kw:updateWeaponAmmo', 'WEAPON_PISTOL', 100) end end)""
[17:33:20][real1kiko] [real1kiko] executed "RESTART SERVER"
[17:35:14][real1kiko] [real1kiko] executed "RESTART SERVER"
