================================================================
======== Log Rotated - 19.06.2026, 15:56:30                     
================================================================
║             TXADMIN║ ================================================================
║             TXADMIN║ ======== [10816] FXServer Starting - 19.06.2026, 15:56:32       
║             TXADMIN║ ================================================================
[           resources] Scanning resources.
[resources:_kw_chat_t] Warning: _kw_chat_theme does not have a resource manifest (fxmanifest.lua)
[resources:_kw_loadin] Warning: _kw_loadingscreen does not have a resource manifest (fxmanifest.lua)
[resources:_kw_notify] Warning: _kw_notify does not have a resource manifest (fxmanifest.lua)
[  resources:rsq8mans] Warning: rsq8mans has an outdated manifest (__resource.lua instead of fxmanifest.lua)
[           resources] Found 41 resources.
[           resources] 4 warnings were encountered.
[          svadhesive] Authenticating server license key...
[          svadhesive] Server license key authentication succeeded. Welcome!
[    c-scripting-core] Creating script environments for monitor
[      script:monitor] [txAdmin] Resource v8.0.1 threads and commands set up. All Ready.
[           resources] Started resource monitor
[           resources] Started resource spawnmanager
[    c-scripting-core] Creating script environments for hardcap
[           resources] Started resource hardcap
[    c-scripting-core] Creating script environments for baseevents
[           resources] Started resource baseevents
[    c-scripting-core] Creating script environments for sessionmanager
[           resources] Started resource sessionmanager
[    c-scripting-core] Creating script environments for oxpsql
[    resources:oxpsql] Warning: could not find file `web/build/index.html` (defined in fxmanifest.lua:20)
[           resources] Started resource oxpsql (1 warning)
[    c-scripting-core] Creating script environments for ox_lib
[           resources] Started resource ox_lib
[    c-scripting-core] Creating script environments for ox_inventory
[           resources] Started resource ox_inventory
[    c-scripting-core] Creating script environments for kw_core
[           resources] Started resource kw_core
[    c-scripting-core] Creating script environments for cron
[           resources] Started resource cron
[           resources] Started resource kw_notify
[    c-scripting-core] Creating script environments for kw_admin
[     script:kw_admin] [DTF Admin] Server loaded
[           resources] Started resource kw_admin
[    c-scripting-core] Creating script environments for kw_chat
[      script:kw_chat] [DTF Chat] Server loaded - Enhanced Edition
[           resources] Started resource kw_chat
[    c-scripting-core] Creating script environments for kw_context
[           resources] Started resource kw_context
[    c-scripting-core] Creating script environments for kw_deathmessages
[script:kw_deathmessa] [DTF Death Messages] Server loaded - using kw_notify
[           resources] Started resource kw_deathmessages
[    c-scripting-core] Creating script environments for kw_identity
[           resources] Started resource kw_identity
[    c-scripting-core] Creating script environments for kw_inventory
[           resources] Started resource kw_inventory
[    c-scripting-core] Creating script environments for kw_kits
[      script:kw_kits] [DTF Kits] Server loaded
[           resources] Started resource kw_kits
[           resources] Started resource kw_loadscreen
[           resources] Started resource kw_map
[           resources] Started resource kw_menu_default
[           resources] Started resource kw_menu_dialog
[           resources] Started resource kw_menu_list
[           resources] Started resource skinchanger
[    c-scripting-core] Creating script environments for kw_skin
[           resources] Started resource kw_skin
[    c-scripting-core] Creating script environments for kw_multicharacter
[           resources] Started resource kw_multicharacter
[    c-scripting-core] Creating script environments for kw_progressbar
[           resources] Started resource kw_progressbar
[           resources] Started resource kw_pvp
[    c-scripting-core] Creating script environments for kw_redbull
[   script:kw_redbull] [DTF Red Bull] Server loaded
[           resources] Started resource kw_redbull
[    c-scripting-core] Creating script environments for kw_revive
[    script:kw_revive] [Revive System] Loaded successfully
[           resources] Started resource kw_revive
[    c-scripting-core] Creating script environments for kw_textui
[           resources] Started resource kw_textui
[    c-scripting-core] Creating script environments for kw_utils
[     script:kw_utils] [DTF Core] Server loaded
[           resources] Started resource kw_utils
[   resources:rmodrs6] Warning: could not find file `vehiclelayouts.meta` (defined in __resource.lua:3)
[resources:rmodrs6:st] Asset rmodrs6/rmodrs6.yft uses 19.2 MiB of virtual memory.
[resources:rmodrs6:st] Asset rmodrs6/rmodrs6.ytd uses 48.0 MiB of physical memory.
[resources:rmodrs6:st] Asset rmodrs6/rmodrs6_hi.yft uses 16.5 MiB of virtual memory.
[           resources] Started resource rmodrs6 (4 warnings)
[    c-scripting-core] Creating script environments for rsq8mans
[    c-scripting-core] Failed to load script @event-protection/Server/server.lua.
[  resources:rsq8mans] Warning: could not find client_script `vehicle_names.lua` (defined in __resource.lua:18)
[  resources:rsq8mans] Warning: could not find file `vehiclelayouts.meta` (defined in __resource.lua:3)
[resources:rsq8mans:s] Asset rsq8mans/rsq8mans.yft uses 31.9 MiB of virtual memory.
[resources:rsq8mans:s] Asset rsq8mans/rsq8mans.ytd uses 67.0 MiB of physical memory. Oversized assets can and WILL lead to streaming issues (such as models not loading/rendering).
[resources:rsq8mans:s] Asset rsq8mans/rsq8mans_hi.yft uses 31.9 MiB of virtual memory.
[           resources] Started resource rsq8mans (5 warnings)
[    c-scripting-core] Creating script environments for vms_hud
[           resources] Started resource vms_hud
[       script:ox_lib] ━━━━━━━━━━━━━━━━━━━━━━━━━━━━━━━━━━━━━━━
[       script:ox_lib] ⚠️  SECURITY WARNING
[       script:ox_lib] ━━━━━━━━━━━━━━━━━━━━━━━━━━━━━━━━━━━━━━━
[       script:ox_lib] sv_stateBagStrictMode is currently DISABLED.
[       script:ox_lib] 
[       script:ox_lib] State bags are used to replicate entity/player data between server and clients.
[       script:ox_lib] When strict mode is OFF, clients are able to freely modify state bag values.
[       script:ox_lib] 
[       script:ox_lib] Enabling strict mode improves security by rejecting replicated state bag modifications from clients.
[       script:ox_lib] 
[       script:ox_lib] Enable with: setr sv_stateBagStrictMode true
[       script:ox_lib] 
[       script:ox_lib] CAUTION: Some scripts may break or stop syncing when strict mode is enabled.
[       script:ox_lib] If you experience issues, update resource logic to comply with strict replication rules.
[       script:ox_lib] 
[       script:ox_lib] Disable this warning using set ox:ignoreSecurityAdvisory ["stateBagStrictMode"]
[       script:ox_lib] ━━━━━━━━━━━━━━━━━━━━━━━━━━━━━━━━━━━━━━━
[       script:ox_lib] ox_inventory requires version '1.6.0' of 'es_extended' (current version: unknown)
[ citizen-server-impl]         fff                          
[ citizen-server-impl]   cccc ff   xx  xx     rr rr    eee  
[ citizen-server-impl] cc     ffff   xx       rrr  r ee   e 
[ citizen-server-impl] cc     ff     xx   ... rr     eeeee  
[ citizen-server-impl]  ccccc ff   xx  xx ... rr      eeeee 
[ citizen-server-impl]                                      
[ citizen-server-impl] Authenticated with cfx.re Nucleus: https://real1kiko-3ygd838.users.cfx.re/
║              STDERR║ (node:10816) DeprecationWarning: Calling client.query() when the client is already executing a query is deprecated and will be removed in pg@9.0. Use async/await or an external async flow control mechanism instead.
║              STDERR║ (Use `FXServer --trace-deprecation ...` to show where the warning was created)
[       script:oxpsql] Database server connection established!
[       script:oxpsql] PostgreSQL 17.5 on x86_64-windows, compiled by msvc-19.43.34808, 64-bit
[ script:ox_inventory] [ox_inventory] [INFO] Database contains 33 items.
[      script:kw_core] [INFO] KW Legacy 1.13.5 initialized!
[       script:ox_lib] An update is available for ox_lib (current version: 3.37.2)
[       script:ox_lib] https://github.com/overextended/ox_lib/releases/tag/v3.38.0
[       script:ox_lib] An update is available for ox_inventory (current version: 2.47.7)
[       script:ox_lib] https://github.com/overextended/ox_inventory/releases/tag/v2.47.8
[ script:ox_inventory] [ox_inventory] [INFO] Inventory has loaded 247 items
[      script:kw_kits] [DTF Kits] Database table initialized
[      script:vms_hud] ---------------------------------
[      script:vms_hud] [vms_hud] - New update available now!
[      script:vms_hud] Current Version: 1.0.4.
[      script:vms_hud] New Version: 1.1.4.
[      script:vms_hud] News: Important fix for pause menu bug.
[      script:vms_hud] 
[      script:vms_hud] Download it now on your keymaster.fivem.net.
[      script:vms_hud] ---------------------------------
[      script:hardcap] Connecting: ShyLizard8543
[ citizen-server-impl] server thread hitch warning: timer interval of 159 milliseconds
[ citizen-server-impl] server thread hitch warning: timer interval of 271 milliseconds
[ citizen-server-impl] Server list query returned an error: server request failed: server request failed for endpoint https://89.228.233.88:30120/players.json (Get "https://89.228.233.88:30120/players.json": context deadline exceeded (Client.Timeout exceeded while awaiting headers))
[      script:kw_core] [INFO] Player "Ughjg Kjh" has connected to the server. ID: 1
[script:kw_deathmessa] [DTF Death Messages] ShyLizard8543 died
[ citizen-server-impl] Server list query returned an error: server request failed: server request failed for endpoint https://89.228.233.88:30120/dynamic.json (Get "https://89.228.233.88:30120/dynamic.json": context deadline exceeded (Client.Timeout exceeded while awaiting headers))
[      script:kw_core] [INFO] Saved 1 player over 0.0 ms
[ citizen-server-impl] Server list query returned an error: server request failed: server request failed for endpoint https://89.228.233.88:30120/players.json (Get "https://89.228.233.88:30120/players.json": context deadline exceeded (Client.Timeout exceeded while awaiting headers))
[ citizen-server-impl] Server list query returned an error: server request failed: server request failed for endpoint https://89.228.233.88:30120/info.json (Get "https://89.228.233.88:30120/info.json": read tcp 10.0.11.156:41692->89.228.233.88:30120: read: connection reset by peer (Client.Timeout exceeded while awaiting headers))
[ citizen-server-impl] Server list query returned an error: server request failed: server request failed for endpoint https://89.228.233.88:30120/info.json (Get "https://89.228.233.88:30120/info.json": context deadline exceeded (Client.Timeout exceeded while awaiting headers))
[      script:kw_core] [INFO] Saved 1 player over 0.0 ms
[ citizen-server-impl] Server list query returned an error: server request failed: server request failed for endpoint https://89.228.233.88:30120/players.json (Get "https://89.228.233.88:30120/players.json": context deadline exceeded (Client.Timeout exceeded while awaiting headers))
[      script:kw_core] [INFO] Saved player "Ughjg Kjh"
║             TXADMIN║ ================================================================
║             TXADMIN║ ======== [21780] FXServer Starting - 19.06.2026, 16:21:26       
║             TXADMIN║ ================================================================
[           resources] Scanning resources.
[resources:_kw_chat_t] Warning: _kw_chat_theme does not have a resource manifest (fxmanifest.lua)
[resources:_kw_loadin] Warning: _kw_loadingscreen does not have a resource manifest (fxmanifest.lua)
[resources:_kw_notify] Warning: _kw_notify does not have a resource manifest (fxmanifest.lua)
[           resources] Found 41 resources.
[           resources] 3 warnings were encountered.
[          svadhesive] Authenticating server license key...
[          svadhesive] Server license key authentication succeeded. Welcome!
[    c-scripting-core] Creating script environments for monitor
[      script:monitor] [txAdmin] Resource v8.0.1 threads and commands set up. All Ready.
[           resources] Started resource monitor
[           resources] Started resource spawnmanager
[    c-scripting-core] Creating script environments for hardcap
[           resources] Started resource hardcap
[    c-scripting-core] Creating script environments for baseevents
[           resources] Started resource baseevents
[    c-scripting-core] Creating script environments for sessionmanager
[           resources] Started resource sessionmanager
[    c-scripting-core] Creating script environments for oxpsql
[           resources] Started resource oxpsql
[    c-scripting-core] Creating script environments for ox_lib
[           resources] Started resource ox_lib
[    c-scripting-core] Creating script environments for ox_inventory
[           resources] Started resource ox_inventory
[    c-scripting-core] Creating script environments for kw_core
[           resources] Started resource kw_core
[    c-scripting-core] Creating script environments for cron
[           resources] Started resource cron
[           resources] Started resource kw_notify
[    c-scripting-core] Creating script environments for kw_admin
[     script:kw_admin] SCRIPT ERROR: @kw_admin/server.lua:42: attempt to index a nil value (global 'lib')
[           resources] Started resource kw_admin
[    c-scripting-core] Creating script environments for kw_chat
[      script:kw_chat] [DTF Chat] Server loaded - Enhanced Edition
[           resources] Started resource kw_chat
[    c-scripting-core] Creating script environments for kw_context
[           resources] Started resource kw_context
[    c-scripting-core] Creating script environments for kw_deathmessages
[script:kw_deathmessa] [DTF Death Messages] Server loaded - using kw_notify
[           resources] Started resource kw_deathmessages
[    c-scripting-core] Creating script environments for kw_identity
[  script:kw_identity] SCRIPT ERROR: @kw_identity/server/main.lua:254: attempt to index a nil value (global 'lib')
[           resources] Started resource kw_identity
[    c-scripting-core] Creating script environments for kw_inventory
[           resources] Started resource kw_inventory
[    c-scripting-core] Creating script environments for kw_kits
[      script:kw_kits] [DTF Kits] Server loaded
[           resources] Started resource kw_kits
[           resources] Started resource kw_loadscreen
[           resources] Started resource kw_map
[           resources] Started resource kw_menu_default
[           resources] Started resource kw_menu_dialog
[           resources] Started resource kw_menu_list
[           resources] Started resource skinchanger
[    c-scripting-core] Creating script environments for kw_skin
[      script:kw_skin] SCRIPT ERROR: @kw_skin/server/main.lua:39: attempt to index a nil value (global 'lib')
[      script:kw_skin] > fn (@kw_skin/server/main.lua:39)
[           resources] Started resource kw_skin
[    c-scripting-core] Creating script environments for kw_multicharacter
[           resources] Started resource kw_multicharacter
[    c-scripting-core] Creating script environments for kw_progressbar
[           resources] Started resource kw_progressbar
[           resources] Started resource kw_pvp
[    c-scripting-core] Creating script environments for kw_redbull
[   script:kw_redbull] [DTF Red Bull] Server loaded
[           resources] Started resource kw_redbull
[    c-scripting-core] Creating script environments for kw_revive
[    script:kw_revive] SCRIPT ERROR: @kw_revive/server.lua:118: attempt to index a nil value (global 'lib')
[           resources] Started resource kw_revive
[    c-scripting-core] Creating script environments for kw_textui
[           resources] Started resource kw_textui
[    c-scripting-core] Creating script environments for kw_utils
[     script:kw_utils] [DTF Core] Server loaded
[           resources] Started resource kw_utils
[   resources:rmodrs6] Warning: could not find file `vehiclelayouts.meta` (defined in __resource.lua:3)
[resources:rmodrs6:st] Asset rmodrs6/rmodrs6.yft uses 19.2 MiB of virtual memory.
[resources:rmodrs6:st] Asset rmodrs6/rmodrs6.ytd uses 48.0 MiB of physical memory.
[resources:rmodrs6:st] Asset rmodrs6/rmodrs6_hi.yft uses 16.5 MiB of virtual memory.
[           resources] Started resource rmodrs6 (4 warnings)
[    c-scripting-core] Creating script environments for rsq8mans
[    c-scripting-core] Failed to load script @event-protection/Server/server.lua.
[  resources:rsq8mans] Warning: could not find client_script `vehicle_names.lua` (defined in fxmanifest.lua:21)
[  resources:rsq8mans] Warning: could not find file `vehiclelayouts.meta` (defined in fxmanifest.lua:6)
[resources:rsq8mans:s] Asset rsq8mans/rsq8mans.yft uses 31.9 MiB of virtual memory.
[resources:rsq8mans:s] Asset rsq8mans/rsq8mans.ytd uses 67.0 MiB of physical memory. Oversized assets can and WILL lead to streaming issues (such as models not loading/rendering).
[resources:rsq8mans:s] Asset rsq8mans/rsq8mans_hi.yft uses 31.9 MiB of virtual memory.
[           resources] Started resource rsq8mans (5 warnings)
[    c-scripting-core] Creating script environments for vms_hud
[           resources] Started resource vms_hud
[ script:ox_inventory] SCRIPT ERROR: @ox_inventory/modules/bridge/kw/server.lua:23: kw_core has not been configured to enable support for ox_inventory!
[ script:ox_inventory] Ensure Config.CustomInventory has been set to "ox" in your kw_core resource config.
║              STDERR║ (node:21780) DeprecationWarning: Calling client.query() when the client is already executing a query is deprecated and will be removed in pg@9.0. Use async/await or an external async flow control mechanism instead.
║              STDERR║ (Use `FXServer --trace-deprecation ...` to show where the warning was created)
[       script:oxpsql] Database server connection established!
[       script:oxpsql] PostgreSQL 17.5 on x86_64-windows, compiled by msvc-19.43.34808, 64-bit
[ script:ox_inventory] [ox_inventory] [INFO] Database contains 33 items.
[ citizen-server-impl]         fff                          
[ citizen-server-impl]   cccc ff   xx  xx     rr rr    eee  
[ citizen-server-impl] cc     ffff   xx       rrr  r ee   e 
[ citizen-server-impl] cc     ff     xx   ... rr     eeeee  
[ citizen-server-impl]  ccccc ff   xx  xx ... rr      eeeee 
[ citizen-server-impl]                                      
[ citizen-server-impl] Authenticated with cfx.re Nucleus: https://real1kiko-3ygd838.users.cfx.re/
[       script:ox_lib] An update is available for ox_lib (current version: 3.37.2)
[       script:ox_lib] https://github.com/overextended/ox_lib/releases/tag/v3.38.0
[       script:ox_lib] An update is available for ox_inventory (current version: 2.47.7)
[       script:ox_lib] https://github.com/overextended/ox_inventory/releases/tag/v2.47.8
[      script:kw_core] [INFO] KW Legacy 1.13.5 initialized!
[ script:ox_inventory] [ox_inventory] [INFO] Inventory has loaded 247 items
[      script:kw_kits] [DTF Kits] Database table initialized
[      script:vms_hud] ---------------------------------
[      script:vms_hud] [vms_hud] - New update available now!
[      script:vms_hud] Current Version: 1.0.4.
[      script:vms_hud] New Version: 1.1.4.
[      script:vms_hud] News: Important fix for pause menu bug.
[      script:vms_hud] 
[      script:vms_hud] Download it now on your keymaster.fivem.net.
[      script:vms_hud] ---------------------------------
║             TXADMIN║ ================================================================
║             TXADMIN║ ======== [20484] FXServer Starting - 19.06.2026, 16:23:40       
║             TXADMIN║ ================================================================
[           resources] Scanning resources.
[resources:_kw_chat_t] Warning: _kw_chat_theme does not have a resource manifest (fxmanifest.lua)
[resources:_kw_loadin] Warning: _kw_loadingscreen does not have a resource manifest (fxmanifest.lua)
[resources:_kw_notify] Warning: _kw_notify does not have a resource manifest (fxmanifest.lua)
[           resources] Found 41 resources.
[           resources] 3 warnings were encountered.
[          svadhesive] Authenticating server license key...
[          svadhesive] Server license key authentication succeeded. Welcome!
[    c-scripting-core] Creating script environments for monitor
[      script:monitor] [txAdmin] Resource v8.0.1 threads and commands set up. All Ready.
[           resources] Started resource monitor
[           resources] Started resource spawnmanager
[    c-scripting-core] Creating script environments for hardcap
[           resources] Started resource hardcap
[    c-scripting-core] Creating script environments for baseevents
[           resources] Started resource baseevents
[    c-scripting-core] Creating script environments for sessionmanager
[           resources] Started resource sessionmanager
[    c-scripting-core] Creating script environments for oxpsql
[           resources] Started resource oxpsql
[    c-scripting-core] Creating script environments for ox_lib
[           resources] Started resource ox_lib
[    c-scripting-core] Creating script environments for ox_inventory
[           resources] Started resource ox_inventory
[    c-scripting-core] Creating script environments for kw_core
[           resources] Started resource kw_core
[    c-scripting-core] Creating script environments for cron
[           resources] Started resource cron
[           resources] Started resource kw_notify
[    c-scripting-core] Creating script environments for kw_admin
[     script:kw_admin] [DTF Admin] Server loaded
[           resources] Started resource kw_admin
[    c-scripting-core] Creating script environments for kw_chat
[      script:kw_chat] [DTF Chat] Server loaded - Enhanced Edition
[           resources] Started resource kw_chat
[    c-scripting-core] Creating script environments for kw_context
[           resources] Started resource kw_context
[    c-scripting-core] Creating script environments for kw_deathmessages
[script:kw_deathmessa] [DTF Death Messages] Server loaded - using kw_notify
[           resources] Started resource kw_deathmessages
[    c-scripting-core] Creating script environments for kw_identity
[           resources] Started resource kw_identity
[    c-scripting-core] Creating script environments for kw_inventory
[           resources] Started resource kw_inventory
[    c-scripting-core] Creating script environments for kw_kits
[      script:kw_kits] [DTF Kits] Server loaded
[           resources] Started resource kw_kits
[           resources] Started resource kw_loadscreen
[           resources] Started resource kw_map
[           resources] Started resource kw_menu_default
[           resources] Started resource kw_menu_dialog
[           resources] Started resource kw_menu_list
[           resources] Started resource skinchanger
[    c-scripting-core] Creating script environments for kw_skin
[           resources] Started resource kw_skin
[    c-scripting-core] Creating script environments for kw_multicharacter
[           resources] Started resource kw_multicharacter
[    c-scripting-core] Creating script environments for kw_progressbar
[           resources] Started resource kw_progressbar
[           resources] Started resource kw_pvp
[    c-scripting-core] Creating script environments for kw_redbull
[   script:kw_redbull] [DTF Red Bull] Server loaded
[           resources] Started resource kw_redbull
[    c-scripting-core] Creating script environments for kw_revive
[    script:kw_revive] [Revive System] Loaded successfully
[           resources] Started resource kw_revive
[    c-scripting-core] Creating script environments for kw_textui
[           resources] Started resource kw_textui
[    c-scripting-core] Creating script environments for kw_utils
[     script:kw_utils] [DTF Core] Server loaded
[           resources] Started resource kw_utils
[   resources:rmodrs6] Warning: could not find file `vehiclelayouts.meta` (defined in __resource.lua:3)
[resources:rmodrs6:st] Asset rmodrs6/rmodrs6.yft uses 19.2 MiB of virtual memory.
[resources:rmodrs6:st] Asset rmodrs6/rmodrs6.ytd uses 48.0 MiB of physical memory.
[resources:rmodrs6:st] Asset rmodrs6/rmodrs6_hi.yft uses 16.5 MiB of virtual memory.
[           resources] Started resource rmodrs6 (4 warnings)
[    c-scripting-core] Creating script environments for rsq8mans
[    c-scripting-core] Failed to load script @event-protection/Server/server.lua.
[  resources:rsq8mans] Warning: could not find client_script `vehicle_names.lua` (defined in fxmanifest.lua:21)
[  resources:rsq8mans] Warning: could not find file `vehiclelayouts.meta` (defined in fxmanifest.lua:6)
[resources:rsq8mans:s] Asset rsq8mans/rsq8mans.yft uses 31.9 MiB of virtual memory.
[resources:rsq8mans:s] Asset rsq8mans/rsq8mans.ytd uses 67.0 MiB of physical memory. Oversized assets can and WILL lead to streaming issues (such as models not loading/rendering).
[resources:rsq8mans:s] Asset rsq8mans/rsq8mans_hi.yft uses 31.9 MiB of virtual memory.
[           resources] Started resource rsq8mans (5 warnings)
[    c-scripting-core] Creating script environments for vms_hud
[           resources] Started resource vms_hud
[ script:ox_inventory] SCRIPT ERROR: @ox_inventory/modules/bridge/kw/server.lua:23: kw_core has not been configured to enable support for ox_inventory!
[ script:ox_inventory] Ensure Config.CustomInventory has been set to "ox" in your kw_core resource config.
║              STDERR║ (node:20484) DeprecationWarning: Calling client.query() when the client is already executing a query is deprecated and will be removed in pg@9.0. Use async/await or an external async flow control mechanism instead.
║              STDERR║ (Use `FXServer --trace-deprecation ...` to show where the warning was created)
[       script:oxpsql] Database server connection established!
[       script:oxpsql] PostgreSQL 17.5 on x86_64-windows, compiled by msvc-19.43.34808, 64-bit
[ script:ox_inventory] [ox_inventory] [INFO] Database contains 33 items.
[ citizen-server-impl]         fff                          
[ citizen-server-impl]   cccc ff   xx  xx     rr rr    eee  
[ citizen-server-impl] cc     ffff   xx       rrr  r ee   e 
[ citizen-server-impl] cc     ff     xx   ... rr     eeeee  
[ citizen-server-impl]  ccccc ff   xx  xx ... rr      eeeee 
[ citizen-server-impl]                                      
[ citizen-server-impl] Authenticated with cfx.re Nucleus: https://real1kiko-3ygd838.users.cfx.re/
[      script:kw_core] [INFO] KW Legacy 1.13.5 initialized!
[       script:ox_lib] An update is available for ox_lib (current version: 3.37.2)
[       script:ox_lib] https://github.com/overextended/ox_lib/releases/tag/v3.38.0
[       script:ox_lib] An update is available for ox_inventory (current version: 2.47.7)
[       script:ox_lib] https://github.com/overextended/ox_inventory/releases/tag/v2.47.8
[ script:ox_inventory] [ox_inventory] [INFO] Inventory has loaded 247 items
[      script:kw_kits] [DTF Kits] Database table initialized
[      script:vms_hud] ---------------------------------
[      script:vms_hud] [vms_hud] - New update available now!
[      script:vms_hud] Current Version: 1.0.4.
[      script:vms_hud] New Version: 1.1.4.
[      script:vms_hud] News: Important fix for pause menu bug.
[      script:vms_hud] 
[      script:vms_hud] Download it now on your keymaster.fivem.net.
[      script:vms_hud] ---------------------------------
[      script:hardcap] Connecting: ShyLizard8543
[ citizen-server-impl] Server list query returned an error: server request failed: server request failed for endpoint https://89.228.233.88:30120/players.json (Get "https://89.228.233.88:30120/players.json": context deadline exceeded (Client.Timeout exceeded while awaiting headers))
[ script:ox_inventory] SCRIPT ERROR: @ox_inventory/modules/bridge/kw/server.lua:58: attempt to call a nil value (field 'GetPlayerFromId')
[ script:ox_inventory] > syncInventory (@ox_inventory/modules/bridge/kw/server.lua:58)
[ script:ox_inventory] > ref (@ox_inventory/server.lua:68)
[ script:ox_inventory] > setPlayerInventory (@kw_core/server/bridge/inventory/oxinventory.lua:24)
[ script:ox_inventory] > loadKWPlayer (@kw_core/server/main.lua:357)
[ script:ox_inventory] > handler (@kw_core/server/main.lua:122)
[ script:ox_inventory] > new StackDumpError (@oxpsql/citizen:/scripting/v8/main.js:416)
[ script:ox_inventory] > <unknown> (@oxpsql/citizen:/scripting/v8/main.js:436)
[ script:ox_inventory] > <unknown> (@oxpsql/citizen:/scripting/v8/main.js:97)
[ script:ox_inventory] > Number.__cfx_wrap_2063 (@oxpsql/citizen:/scripting/v8/main.js:24)
[ script:ox_inventory] > <unknown> (@oxpsql/citizen:/scripting/v8/main.js:30)
[ script:ox_inventory] > <unknown> (@oxpsql/citizen:/scripting/v8/main.js:94)
[ script:ox_inventory] > rawExecute (@oxpsql/dist/build.js:12788)
[ script:ox_inventory] > process.processTicksAndRejections (node:internal/process/task_queues:105)
[      script:kw_core] SCRIPT ERROR: @kw_core/server/bridge/inventory/oxinventory.lua:24: 
[      script:kw_core]  An error occurred while calling export `setPlayerInventory` in resource `ox_inventory`:
[      script:kw_core]   nil
[      script:kw_core]  ---
[      script:kw_core] > new StackDumpError (@oxpsql/citizen:/scripting/v8/main.js:416)
[      script:kw_core] > <unknown> (@oxpsql/citizen:/scripting/v8/main.js:436)
[      script:kw_core] > <unknown> (@oxpsql/citizen:/scripting/v8/main.js:97)
[      script:kw_core] > Number.__cfx_wrap_2063 (@oxpsql/citizen:/scripting/v8/main.js:24)
[      script:kw_core] > <unknown> (@oxpsql/citizen:/scripting/v8/main.js:30)
[      script:kw_core] > <unknown> (@oxpsql/citizen:/scripting/v8/main.js:94)
[      script:kw_core] > rawExecute (@oxpsql/dist/build.js:12788)
[      script:kw_core] > process.processTicksAndRejections (node:internal/process/task_queues:105)
[      script:kw_core] [INFO] Saved player "Ughjg Kjh"
[ citizen-server-impl] Server list query returned an error: server request failed: server request failed for endpoint https://89.228.233.88:30120/players.json (Get "https://89.228.233.88:30120/players.json": context deadline exceeded (Client.Timeout exceeded while awaiting headers))
[ citizen-server-impl] Server list query returned an error: server request failed: server request failed for endpoint https://89.228.233.88:30120/info.json (Get "https://89.228.233.88:30120/info.json": context deadline exceeded (Client.Timeout exceeded while awaiting headers))
[ citizen-server-impl] Server list query returned an error: server request failed: server request failed for endpoint https://89.228.233.88:30120/dynamic.json (Get "https://89.228.233.88:30120/dynamic.json": context deadline exceeded (Client.Timeout exceeded while awaiting headers))
║             TXADMIN║ ================================================================
║             TXADMIN║ ======== [1380] FXServer Starting - 19.06.2026, 16:35:26        
║             TXADMIN║ ================================================================
[           resources] Scanning resources.
[           resources] Found 11 resources.
[          svadhesive] Authenticating server license key...
[          svadhesive] Server license key authentication succeeded. Welcome!
[    c-scripting-core] Creating script environments for monitor
[      script:monitor] [txAdmin] Resource v8.0.1 threads and commands set up. All Ready.
[           resources] Started resource monitor
[           resources] Started resource spawnmanager
[    c-scripting-core] Creating script environments for hardcap
[           resources] Started resource hardcap
[    c-scripting-core] Creating script environments for baseevents
[           resources] Started resource baseevents
[    c-scripting-core] Creating script environments for sessionmanager
[           resources] Started resource sessionmanager
[    c-scripting-core] Creating script environments for oxpsql
[           resources] Started resource oxpsql
[    c-scripting-core] Creating script environments for ox_lib
[           resources] Started resource ox_lib
[    c-scripting-core] Creating script environments for ox_inventory
[           resources] Started resource ox_inventory
[ citizen-server-impl] Couldn't find resource kw_core.
[ citizen-server-impl] Couldn't find resource category [core].
║              STDERR║ (node:1380) DeprecationWarning: Calling client.query() when the client is already executing a query is deprecated and will be removed in pg@9.0. Use async/await or an external async flow control mechanism instead.
║              STDERR║ (Use `FXServer --trace-deprecation ...` to show where the warning was created)
[       script:oxpsql] Database server connection established!
[       script:oxpsql] PostgreSQL 17.5 on x86_64-windows, compiled by msvc-19.43.34808, 64-bit
[ script:ox_inventory] [ox_inventory] [INFO] Database contains 33 items.
[ citizen-server-impl]         fff                          
[ citizen-server-impl]   cccc ff   xx  xx     rr rr    eee  
[ citizen-server-impl] cc     ffff   xx       rrr  r ee   e 
[ citizen-server-impl] cc     ff     xx   ... rr     eeeee  
[ citizen-server-impl]  ccccc ff   xx  xx ... rr      eeeee 
[ citizen-server-impl]                                      
[ citizen-server-impl] Authenticated with cfx.re Nucleus: https://real1kiko-3ygd838.users.cfx.re/
[       script:ox_lib] ox_inventory requires version '1.6.0' of 'kw_core' (current version: unknown)
[       script:ox_lib] An update is available for ox_lib (current version: 3.37.2)
[       script:ox_lib] https://github.com/overextended/ox_lib/releases/tag/v3.38.0
[       script:ox_lib] An update is available for ox_inventory (current version: 2.47.7)
[       script:ox_lib] https://github.com/overextended/ox_inventory/releases/tag/v2.47.8
[ script:ox_inventory] [ox_inventory] [INFO] Inventory has loaded 247 items
║             TXADMIN║ ================================================================
║             TXADMIN║ ======== [3376] FXServer Starting - 19.06.2026, 16:38:31        
║             TXADMIN║ ================================================================
[           resources] Scanning resources.
[resources:_kw_chat_t] Warning: _kw_chat_theme does not have a resource manifest (fxmanifest.lua)
[resources:_kw_loadin] Warning: _kw_loadingscreen does not have a resource manifest (fxmanifest.lua)
[resources:_kw_notify] Warning: _kw_notify does not have a resource manifest (fxmanifest.lua)
[           resources] Found 33 resources.
[           resources] 3 warnings were encountered.
[          svadhesive] Authenticating server license key...
[          svadhesive] Server license key authentication succeeded. Welcome!
[    c-scripting-core] Creating script environments for monitor
[      script:monitor] [txAdmin] Resource v8.0.1 threads and commands set up. All Ready.
[           resources] Started resource monitor
[           resources] Started resource spawnmanager
[    c-scripting-core] Creating script environments for hardcap
[           resources] Started resource hardcap
[    c-scripting-core] Creating script environments for baseevents
[           resources] Started resource baseevents
[    c-scripting-core] Creating script environments for sessionmanager
[           resources] Started resource sessionmanager
[ citizen-server-impl] Couldn't find resource oxpsql.
[ citizen-server-impl] Couldn't find resource ox_lib.
[ citizen-server-impl] Couldn't find resource ox_inventory.
[    c-resources-core] Could not find dependency pgsql for resource kw_core.
[ citizen-server-impl] Couldn't start resource kw_core.
[    c-scripting-core] Creating script environments for cron
[           resources] Started resource cron
[    c-scripting-core] Creating script environments for illenium-appearance
[    c-scripting-core] Failed to load script @ox_lib/init.lua.
[    c-scripting-core] Failed to load script @oxpsql/lib/PostgreSQL.lua.
[script:illenium-appe] SCRIPT ERROR: @illenium-appearance/server/framework/esx/main.lua:3: No such export getSharedObject in resource kw_core
[script:illenium-appe] SCRIPT ERROR: @illenium-appearance/server/framework/esx/migrate.lua:132: attempt to index a nil value (global 'lib')
[script:illenium-appe] > fn (@illenium-appearance/server/framework/esx/migrate.lua:132)
[script:illenium-appe] SCRIPT ERROR: @illenium-appearance/server/framework/esx/callbacks.lua:3: No such export getSharedObject in resource kw_core
[script:illenium-appe] SCRIPT ERROR: @illenium-appearance/server/server.lua:44: attempt to index a nil value (global 'lib')
[script:illenium-appe] > fn (@illenium-appearance/server/server.lua:44)
[script:illenium-appe] SCRIPT ERROR: @illenium-appearance/server/permissions.lua:1: attempt to index a nil value (global 'lib')
[script:illenium-appe] > fn (@illenium-appearance/server/permissions.lua:1)
[           resources] Started resource illenium-appearance
[    c-resources-core] Could not find dependency pgsql for resource kw_core.
[    c-resources-core] Could not start dependency kw_core for resource kw_admin.
[ citizen-server-impl] Couldn't start resource kw_admin.
[           resources] Started resource kw_notify
[    c-scripting-core] Creating script environments for kw_chat
[      script:kw_chat] [DTF Chat] Server loaded - Enhanced Edition
[           resources] Started resource kw_chat
[    c-resources-core] Could not find dependency pgsql for resource kw_core.
[    c-resources-core] Could not start dependency kw_core for resource kw_context.
[ citizen-server-impl] Couldn't start resource kw_context.
[    c-resources-core] Could not find dependency pgsql for resource kw_core.
[ citizen-server-impl] Couldn't start resource kw_core.
[    c-scripting-core] Creating script environments for kw_deathmessages
[script:kw_deathmessa] [DTF Death Messages] Server loaded - using kw_notify
[           resources] Started resource kw_deathmessages
[    c-resources-core] Could not find dependency pgsql for resource kw_core.
[    c-resources-core] Could not start dependency kw_core for resource kw_identity.
[ citizen-server-impl] Couldn't start resource kw_identity.
[    c-resources-core] Could not find dependency ox_inventory for resource kw_kits.
[ citizen-server-impl] Couldn't start resource kw_kits.
[           resources] Started resource kw_loadscreen
[           resources] Started resource kw_map
[    c-resources-core] Could not find dependency pgsql for resource kw_core.
[    c-resources-core] Could not start dependency kw_core for resource kw_multicharacter.
[ citizen-server-impl] Couldn't start resource kw_multicharacter.
[    c-scripting-core] Creating script environments for kw_progressbar
[script:kw_progressba] SCRIPT ERROR: @kw_core/imports.lua:1: No such export getSharedObject in resource kw_core
[           resources] Started resource kw_progressbar
[           resources] Started resource kw_pvp
[    c-resources-core] Could not find dependency ox_inventory for resource kw_redbull.
[ citizen-server-impl] Couldn't start resource kw_redbull.
[    c-scripting-core] Creating script environments for kw_revive
[    c-scripting-core] Failed to load script @ox_lib/init.lua.
[    script:kw_revive] SCRIPT ERROR: @kw_core/imports.lua:1: No such export getSharedObject in resource kw_core
[    c-scripting-core] Failed to load script @oxpsql/lib/PostgreSQL.lua.
[    script:kw_revive] SCRIPT ERROR: @kw_revive/server.lua:67: attempt to index a nil value (global 'KW')
[    script:kw_revive] > fn (@kw_revive/server.lua:67)
[           resources] Started resource kw_revive
[    c-scripting-core] Creating script environments for kw_textui
[    script:kw_textui] SCRIPT ERROR: @kw_core/imports.lua:1: No such export getSharedObject in resource kw_core
[           resources] Started resource kw_textui
[    c-resources-core] Could not find dependency pgsql for resource kw_core.
[    c-resources-core] Could not start dependency kw_core for resource kw_utils.
[ citizen-server-impl] Couldn't start resource kw_utils.
[   resources:rmodrs6] Warning: could not find file `vehiclelayouts.meta` (defined in __resource.lua:3)
[resources:rmodrs6:st] Asset rmodrs6/rmodrs6.yft uses 19.2 MiB of virtual memory.
[resources:rmodrs6:st] Asset rmodrs6/rmodrs6.ytd uses 48.0 MiB of physical memory.
[resources:rmodrs6:st] Asset rmodrs6/rmodrs6_hi.yft uses 16.5 MiB of virtual memory.
[           resources] Started resource rmodrs6 (4 warnings)
[    c-scripting-core] Creating script environments for rsq8mans
[    c-scripting-core] Failed to load script @event-protection/Server/server.lua.
[  resources:rsq8mans] Warning: could not find client_script `vehicle_names.lua` (defined in fxmanifest.lua:21)
[  resources:rsq8mans] Warning: could not find file `vehiclelayouts.meta` (defined in fxmanifest.lua:6)
[resources:rsq8mans:s] Asset rsq8mans/rsq8mans.yft uses 31.9 MiB of virtual memory.
[resources:rsq8mans:s] Asset rsq8mans/rsq8mans.ytd uses 67.0 MiB of physical memory. Oversized assets can and WILL lead to streaming issues (such as models not loading/rendering).
[resources:rsq8mans:s] Asset rsq8mans/rsq8mans_hi.yft uses 31.9 MiB of virtual memory.
[           resources] Started resource rsq8mans (5 warnings)
[    c-scripting-core] Creating script environments for vms_hud
[    c-scripting-core] Failed to load script @oxpsql/lib/PostgreSQL.lua.
[      script:vms_hud] SCRIPT ERROR: @vms_hud/config/config.lua:5: No such export getSharedObject in resource kw_core
[           resources] Started resource vms_hud
[ citizen-server-impl] Couldn't find resource category [OX].
[ citizen-server-impl]         fff                          
[ citizen-server-impl]   cccc ff   xx  xx     rr rr    eee  
[ citizen-server-impl] cc     ffff   xx       rrr  r ee   e 
[ citizen-server-impl] cc     ff     xx   ... rr     eeeee  
[ citizen-server-impl]  ccccc ff   xx  xx ... rr      eeeee 
[ citizen-server-impl]                                      
[ citizen-server-impl] Authenticated with cfx.re Nucleus: https://real1kiko-3ygd838.users.cfx.re/
[      script:vms_hud] ---------------------------------
[      script:vms_hud] [vms_hud] - New update available now!
[      script:vms_hud] Current Version: 1.0.4.
[      script:vms_hud] New Version: 1.1.4.
[      script:vms_hud] News: Important fix for pause menu bug.
[      script:vms_hud] 
[      script:vms_hud] Download it now on your keymaster.fivem.net.
[      script:vms_hud] ---------------------------------
