================================================================
======== txAdmin v8.0.1 atop fxserver 25770 Starting - 9.06.2026, 18:32:58
================================================================
================================================================
======== txAdmin v8.0.1 atop fxserver 25770 Starting - 9.06.2026, 18:34:25
================================================================
[18:34:27] txAdmin: Logger started
================================================================
======== txAdmin v8.0.1 atop fxserver 25770 Starting - 9.06.2026, 18:40:38
================================================================
[18:40:41] txAdmin: Logger started
[18:40:55] [E8nQF#1] Kiko: joined with identifiers [license:231f…29a3, discord:4656…6394, fivem:16230799, license2:7427…1f08]
[18:45:22] [E8nQF#1] Kiko: disconnected (Exiting)
================================================================
======== txAdmin v8.0.1 atop fxserver 25770 Starting - 9.06.2026, 18:45:27
================================================================
[18:45:30] txAdmin: Logger started
[18:47:20] [Papm3#1] Kiko: joined with identifiers [license:231f…29a3, discord:4656…6394, fivem:16230799, license2:7427…1f08]
[18:50:08] [Papm3#1] Kiko: caused an explosion (CAR)
[18:50:08] [Papm3#1] Kiko: caused an explosion (CAR)
[18:50:13] [Papm3#1] Kiko: caused an explosion (ROCKET)
[18:50:17] [Papm3#1] Kiko: caused an explosion (ROCKET)
[18:50:23] [Papm3#1] Kiko: caused an explosion (ROCKET)
[18:50:27] [Papm3#1] Kiko: caused an explosion (ROCKET)
[18:50:32] [Papm3#1] Kiko: caused an explosion (ROCKET)
[18:50:36] [Papm3#1] Kiko: caused an explosion (ROCKET)
[18:50:39] [Papm3#1] Kiko: caused an explosion (ROCKET)
[18:50:43] [Papm3#1] Kiko: caused an explosion (ROCKET)
[18:50:43] [Papm3#1] Kiko: caused an explosion (CAR)
[18:50:47] [Papm3#1] Kiko: caused an explosion (CAR)
[18:50:47] [Papm3#1] Kiko: caused an explosion (CAR)
[18:50:52] [Papm3#1] Kiko: caused an explosion (TRUCK)
[18:50:52] [Papm3#1] Kiko: caused an explosion (TRUCK)
[18:50:58] [Papm3#1] Kiko: caused an explosion (CAR)
[18:50:58] [Papm3#1] Kiko: caused an explosion (CAR)
[18:51:01] [Papm3#1] Kiko: caused an explosion (ROCKET)
[18:51:01] [Papm3#1] Kiko: caused an explosion (CAR)
[18:51:06] [Papm3#1] Kiko: caused an explosion (CAR)
[18:51:06] [Papm3#1] Kiko: caused an explosion (CAR)
[18:51:08] [Papm3#1] Kiko: caused an explosion (ROCKET)
[18:51:12] [Papm3#1] Kiko: caused an explosion (ROCKET)
[18:51:13] [Papm3#1] Kiko: caused an explosion (CAR)
[18:51:14] [Papm3#1] Kiko: caused an explosion (CAR)
[18:51:14] [Papm3#1] Kiko: caused an explosion (CAR)
[18:51:26] [Papm3#1] Kiko: caused an explosion (CAR)
[18:51:28] [Papm3#1] Kiko: caused an explosion (ROCKET)
[18:51:30] [Papm3#1] Kiko: caused an explosion (CAR)
[18:51:30] [Papm3#1] Kiko: caused an explosion (CAR)
[18:51:47] [Papm3#1] Kiko: caused an explosion (ROCKET)
[18:51:50] [Papm3#1] Kiko: caused an explosion (CAR)
[18:51:50] [Papm3#1] Kiko: caused an explosion (CAR)
[18:51:51] [Papm3#1] Kiko: caused an explosion (CAR)
[18:52:01] [Papm3#1] Kiko: caused an explosion (CAR)
[18:52:07] [Papm3#1] Kiko: spawned a vehicle (model: rsq8mans)
[18:52:43] [Papm3#1] Kiko: died from suicide (Falling)
[18:52:51] [Papm3#1] Kiko: spawned a vehicle (model: rsq8mans)
[18:53:29] [Papm3#1] Kiko: enabled noclip
[18:53:30] [Papm3#1] Kiko: became mortal (standard mode)
[18:54:13] [Papm3#1] Kiko: enabled noclip
[18:54:14] [Papm3#1] Kiko: became mortal (standard mode)
[19:02:44] [Papm3#1] Kiko: repaired their vehicle
[19:03:14] [Papm3#1] Kiko: enabled noclip
[19:03:25] [Papm3#1] Kiko: became mortal (standard mode)
[19:03:29] [Papm3#1] Kiko: enabled noclip
[19:03:29] [Papm3#1] Kiko: became mortal (standard mode)
[19:06:19] [Papm3#1] Kiko: disconnected (Server->client connection timed out. Last seen 15 msec ago.)
[19:07:58] [Papm3#2] Kiko: joined with identifiers [license:231f…29a3, discord:4656…6394, fivem:16230799, license2:7427…1f08]
[19:08:58] [Papm3#2] Kiko: disconnected (Exiting)
================================================================
======== txAdmin v8.0.1 atop fxserver 25770 Starting - 9.06.2026, 19:09:09
================================================================
[19:09:12] txAdmin: Logger started
[19:09:47] [G9dY9#1] Kiko: joined with identifiers [license:231f…29a3, discord:4656…6394, fivem:16230799, license2:7427…1f08]
[19:14:13] [G9dY9#1] Kiko: spawned a vehicle (model: rsq8mans)
[19:18:43] [G9dY9#1] Kiko: enabled noclip
[19:18:43] [G9dY9#1] Kiko: became mortal (standard mode)
[19:19:29] [G9dY9#1] Kiko: enabled noclip
[19:19:31] [G9dY9#1] Kiko: became mortal (standard mode)
[19:19:40] [G9dY9#1] Kiko: died from suicide (Pistol)
[19:21:53] [G9dY9#1] Kiko: disconnected (Exiting)
================================================================
======== txAdmin v8.0.1 atop fxserver 25770 Starting - 9.06.2026, 19:22:01
================================================================
[19:22:04] txAdmin: Logger started
[19:22:51] [tnzyN#1] Kiko: joined with identifiers [license:231f…29a3, discord:4656…6394, fivem:16230799, license2:7427…1f08]
[19:23:46] [tnzyN#1] Kiko: enabled noclip
[19:23:52] [tnzyN#1] Kiko: became mortal (standard mode)
[19:25:53] [tnzyN#1] Kiko: enabled noclip
[19:25:58] [tnzyN#1] Kiko: became mortal (standard mode)
[19:26:07] [tnzyN#1] Kiko: spawned a vehicle (model: rsq8mans)
[19:26:52] [tnzyN#1] Kiko: enabled noclip
[19:26:58] [tnzyN#1] Kiko: became mortal (standard mode)
[19:27:15] [tnzyN#1] Kiko: caused an explosion (CAR)
[19:28:52] [tnzyN#1] Kiko: enabled noclip
[19:28:52] [tnzyN#1] Kiko: became mortal (standard mode)
[19:29:32] [tnzyN#1] Kiko: enabled noclip
[19:29:33] [tnzyN#1] Kiko: became mortal (standard mode)
[19:29:35] [tnzyN#1] Kiko: enabled noclip
[19:29:36] [tnzyN#1] Kiko: became mortal (standard mode)
[19:30:14] [tnzyN#1] Kiko: died from suicide (Pump Shotgun)
[19:32:08] [tnzyN#1] Kiko: caused an explosion (ROCKET)
[19:32:08] [tnzyN#1] Kiko: caused an explosion (CAR)
[19:32:08] [tnzyN#1] Kiko: caused an explosion (CAR)
[19:32:09] [tnzyN#1] Kiko: caused an explosion (CAR)
[19:32:12] [tnzyN#1] Kiko: caused an explosion (CAR)
[19:32:12] [tnzyN#1] Kiko: caused an explosion (CAR)
[19:33:23] [tnzyN#1] Kiko: died from suicide (Pump Shotgun)
================================================================
======== txAdmin v8.0.1 atop fxserver 25770 Starting - 9.06.2026, 19:37:20
================================================================
[19:37:34] txAdmin: Logger started
[19:37:52] [jwwgL#1] Kiko: joined with identifiers [license:231f…29a3, discord:4656…6394, fivem:16230799, license2:7427…1f08]
[19:41:24] [jwwgL#1] Kiko: enabled noclip
[19:41:25] [jwwgL#1] Kiko: caused an explosion (ROCKET)
[19:41:28] [jwwgL#1] Kiko: became mortal (standard mode)
[19:41:29] [jwwgL#1] Kiko: enabled noclip
[19:41:36] [jwwgL#1] Kiko: became mortal (standard mode)
[19:58:33] [jwwgL#1] Kiko: disconnected (Exiting)
