================================================================
======== txAdmin v8.0.1 atop fxserver 25770 Starting - 19.06.2026, 15:56:28
================================================================
================================================================
======== Log Rotated - 19.06.2026, 15:56:30                     
================================================================
[15:56:40] txAdmin: Logger started
[15:58:34] [mBfXJ#1] ShyLizard8543: joined with identifiers [license:231f…29a3, discord:4656…6394, fivem:16230799, license2:7427…1f08]
[15:59:14] [mBfXJ#1] ShyLizard8543: spawned a vehicle (model: rsq8mans)
[16:00:18] [mBfXJ#1] ShyLizard8543: enabled noclip
[16:00:19] [mBfXJ#1] ShyLizard8543: became mortal (standard mode)
[16:00:19] [mBfXJ#1] ShyLizard8543: enabled noclip
[16:00:20] [mBfXJ#1] ShyLizard8543: became mortal (standard mode)
[16:01:07] [mBfXJ#1] ShyLizard8543: enabled noclip
[16:01:08] [mBfXJ#1] ShyLizard8543: became mortal (standard mode)
[16:01:09] [mBfXJ#1] ShyLizard8543: enabled noclip
[16:01:09] [mBfXJ#1] ShyLizard8543: became mortal (standard mode)
[16:01:31] [mBfXJ#1] ShyLizard8543: died from suicide (Falling)
[16:04:09] [mBfXJ#1] ShyLizard8543: spawned a vehicle (model: rsq8mans)
[16:08:25] [mBfXJ#1] ShyLizard8543: enabled noclip
[16:08:33] [mBfXJ#1] ShyLizard8543: became mortal (standard mode)
[16:08:37] [mBfXJ#1] ShyLizard8543: repaired their vehicle
[16:09:06] [mBfXJ#1] ShyLizard8543: spawned a vehicle (model: rsq8mans)
[16:15:56] [mBfXJ#1] ShyLizard8543: enabled noclip
[16:15:56] [mBfXJ#1] ShyLizard8543: became mortal (standard mode)
[16:18:34] [mBfXJ#1] ShyLizard8543: enabled noclip
[16:18:35] [mBfXJ#1] ShyLizard8543: became mortal (standard mode)
[16:21:08] [mBfXJ#1] ShyLizard8543: disconnected (Exiting)
================================================================
======== txAdmin v8.0.1 atop fxserver 25770 Starting - 19.06.2026, 16:21:21
================================================================
[16:21:35] txAdmin: Logger started
================================================================
======== txAdmin v8.0.1 atop fxserver 25770 Starting - 19.06.2026, 16:23:40
================================================================
[16:23:43] txAdmin: Logger started
[16:24:54] [eKWEK#1] ShyLizard8543: joined with identifiers [license:231f…29a3, discord:4656…6394, fivem:16230799, license2:7427…1f08]
[16:26:00] [eKWEK#1] ShyLizard8543: disconnected (Exiting)
================================================================
======== txAdmin v8.0.1 atop fxserver 25770 Starting - 19.06.2026, 16:35:25
================================================================
[16:35:28] txAdmin: Logger started
================================================================
======== txAdmin v8.0.1 atop fxserver 25770 Starting - 19.06.2026, 16:38:30
================================================================
[16:38:33] txAdmin: Logger started
================================================================
======== txAdmin v8.0.1 atop fxserver 25770 Starting - 19.06.2026, 16:41:25
================================================================
[16:41:27] txAdmin: Logger started
================================================================
======== txAdmin v8.0.1 atop fxserver 25770 Starting - 19.06.2026, 16:56:37
================================================================
[16:56:41] txAdmin: Logger started
[16:57:46] [gV4wN#1] ShyLizard8543: joined with identifiers [license:231f…29a3, discord:4656…6394, fivem:16230799, license2:7427…1f08]
[16:58:59] [gV4wN#1] ShyLizard8543: disconnected (Exiting)
================================================================
======== txAdmin v8.0.1 atop fxserver 25770 Starting - 19.06.2026, 16:59:19
================================================================
[16:59:22] txAdmin: Logger started
================================================================
======== txAdmin v8.0.1 atop fxserver 25770 Starting - 19.06.2026, 16:59:47
================================================================
[16:59:50] txAdmin: Logger started
[17:00:48] [FttLN#1] ShyLizard8543: joined with identifiers [license:231f…29a3, discord:4656…6394, fivem:16230799, license2:7427…1f08]
================================================================
======== txAdmin v8.0.1 atop fxserver 25770 Starting - 19.06.2026, 17:03:29
================================================================
[17:03:32] txAdmin: Logger started
[17:03:50] [NMwN9#1] ShyLizard8543: joined with identifiers [license:231f…29a3, discord:4656…6394, fivem:16230799, license2:7427…1f08]
[17:04:50] [NMwN9#1] ShyLizard8543: caused an explosion (ROCKET)
[17:04:50] [NMwN9#1] ShyLizard8543: died from suicide
[17:05:01] [NMwN9#1] ShyLizard8543: caused an explosion (ROCKET)
[17:05:07] [NMwN9#1] ShyLizard8543: caused an explosion (ROCKET)
[17:05:13] [NMwN9#1] ShyLizard8543: caused an explosion (ROCKET)
[17:05:23] [NMwN9#1] ShyLizard8543: caused an explosion (ROCKET)
[17:05:31] [NMwN9#1] ShyLizard8543: spawned a vehicle (model: rsq8mans)
[17:12:10] [NMwN9#1] ShyLizard8543: enabled noclip
[17:12:10] [NMwN9#1] ShyLizard8543: became mortal (standard mode)
[17:24:52] [NMwN9#1] ShyLizard8543: disconnected (Exiting)
================================================================
======== txAdmin v8.0.1 atop fxserver 25770 Starting - 19.06.2026, 17:25:08
================================================================
[17:25:11] txAdmin: Logger started
================================================================
======== txAdmin v8.0.1 atop fxserver 25770 Starting - 19.06.2026, 17:25:15
================================================================
[17:25:18] txAdmin: Logger started
================================================================
======== txAdmin v8.0.1 atop fxserver 25770 Starting - 19.06.2026, 17:26:59
================================================================
[17:27:01] txAdmin: Logger started
[17:28:46] [dnkn6#1] ShyLizard8543: joined with identifiers [license:231f…29a3, discord:4656…6394, fivem:16230799, license2:7427…1f08]
[17:29:27] [dnkn6#1] ShyLizard8543: spawned a vehicle (model: rsq8mans)
[17:29:46] [dnkn6#1] ShyLizard8543: disconnected (Exiting)
[17:29:57] txAdmin: Logger started
[17:31:27] [APABj#1] ShyLizard8543: joined with identifiers [license:231f…29a3, discord:4656…6394, fivem:16230799, license2:7427…1f08]
[17:33:28] txAdmin: Logger started
[17:33:45] [RA9Cz#1] ShyLizard8543: joined with identifiers [license:231f…29a3, discord:4656…6394, fivem:16230799, license2:7427…1f08]
[17:34:14] [RA9Cz#1] ShyLizard8543: disconnected (Reliable network event overflow.)
[17:35:08] [RA9Cz#2] ShyLizard8543: joined with identifiers [license:231f…29a3, discord:4656…6394, fivem:16230799, license2:7427…1f08]
[17:35:21] txAdmin: Logger started
[17:35:41] [cj8xm#1] ShyLizard8543: joined with identifiers [license:231f…29a3, discord:4656…6394, fivem:16230799, license2:7427…1f08]
[17:41:08] [cj8xm#1] ShyLizard8543: spawned a vehicle (model: rsq8mans)
[17:41:22] [cj8xm#1] ShyLizard8543: enabled noclip
[17:41:25] [cj8xm#1] ShyLizard8543: became mortal (standard mode)
[17:47:07] [cj8xm#1] ShyLizard8543: spawned a vehicle (model: rsq8mans)
[17:47:14] [cj8xm#1] ShyLizard8543: spawned a vehicle (model: rsq8mans)
[17:47:55] [cj8xm#1] ShyLizard8543: enabled noclip
[17:47:55] [cj8xm#1] ShyLizard8543: became mortal (standard mode)
================================================================
======== txAdmin v8.0.1 atop fxserver 25770 Starting - 19.06.2026, 17:52:25
================================================================
[17:52:29] txAdmin: Logger started
[17:54:04] [LdMHa#1] ShyLizard8543: joined with identifiers [license:231f…29a3, discord:4656…6394, fivem:16230799, license2:7427…1f08]
[17:54:44] [LdMHa#1] ShyLizard8543: spawned a vehicle (model: rsq8mans)
[17:55:33] [LdMHa#1] ShyLizard8543: died from suicide (Falling)
[17:58:31] [LdMHa#1] ShyLizard8543: disconnected (Exiting)
[18:03:05] txAdmin: Logger started
[18:05:29] txAdmin: Logger started
[18:06:15] [Hxe8b#1] ShyLizard8543: joined with identifiers [license:231f…29a3, discord:4656…6394, fivem:16230799, license2:7427…1f08]
[18:07:12] [Hxe8b#1] ShyLizard8543: spawned a vehicle (model: rsq8mans)
[18:10:52] [Hxe8b#1] ShyLizard8543: enabled noclip
[18:10:53] [Hxe8b#1] ShyLizard8543: became mortal (standard mode)
[18:11:42] [Hxe8b#1] ShyLizard8543: enabled noclip
[18:11:42] [Hxe8b#1] ShyLizard8543: became mortal (standard mode)
[18:14:06] [Hxe8b#1] ShyLizard8543: disconnected (Exiting)
[18:14:17] txAdmin: Logger started
[18:14:53] [KXhGj#1] ShyLizard8543: joined with identifiers [license:231f…29a3, discord:4656…6394, fivem:16230799, license2:7427…1f08]
[18:15:29] [KXhGj#1] ShyLizard8543: spawned a vehicle (model: rsq8mans)
[18:19:08] [KXhGj#1] ShyLizard8543: enabled noclip
[18:19:08] [KXhGj#1] ShyLizard8543: became mortal (standard mode)
[18:19:14] [KXhGj#1] ShyLizard8543: enabled noclip
[18:19:14] [KXhGj#1] ShyLizard8543: became mortal (standard mode)
[18:21:24] [KXhGj#1] ShyLizard8543: caused an explosion (ROCKET)
[18:22:41] [KXhGj#1] ShyLizard8543: repaired their vehicle
[18:24:59] [KXhGj#1] ShyLizard8543: enabled noclip
[18:25:08] [KXhGj#1] ShyLizard8543: became mortal (standard mode)
[18:26:08] [KXhGj#1] ShyLizard8543: enabled noclip
[18:26:09] [KXhGj#1] ShyLizard8543: became mortal (standard mode)
[18:26:09] [KXhGj#1] ShyLizard8543: enabled noclip
[18:26:09] [KXhGj#1] ShyLizard8543: became mortal (standard mode)
[18:26:18] [KXhGj#1] ShyLizard8543: enabled noclip
[18:26:18] [KXhGj#1] ShyLizard8543: became mortal (standard mode)
[18:27:47] [KXhGj#1] ShyLizard8543: caused an explosion (ROCKET)
[18:27:47] [KXhGj#1] ShyLizard8543: died from suicide (RPG)
[18:28:42] [KXhGj#1] ShyLizard8543: caused an explosion (CAR)
[18:28:42] [KXhGj#1] ShyLizard8543: caused an explosion (CAR)
[18:28:45] [KXhGj#1] ShyLizard8543: died from suicide (Falling)
[18:29:33] [KXhGj#1] ShyLizard8543: caused an explosion (TRUCK)
[18:29:33] [KXhGj#1] ShyLizard8543: caused an explosion (TRUCK)
[18:29:36] [KXhGj#1] ShyLizard8543: caused an explosion (ROCKET)
[18:29:40] [KXhGj#1] ShyLizard8543: caused an explosion (ROCKET)
[18:31:15] [KXhGj#1] ShyLizard8543: enabled noclip
[18:31:28] [KXhGj#1] ShyLizard8543: became mortal (standard mode)
[18:31:31] [KXhGj#1] ShyLizard8543: died from suicide (Pistol)
[18:32:50] [KXhGj#1] ShyLizard8543: disconnected (Exiting)
[18:33:48] txAdmin: Logger started
[18:34:25] [UJYPk#1] ShyLizard8543: joined with identifiers [license:231f…29a3, discord:4656…6394, fivem:16230799, license2:7427…1f08]
[18:35:57] txAdmin: Logger started
[18:36:14] [fBLBk#1] ShyLizard8543: joined with identifiers [license:231f…29a3, discord:4656…6394, fivem:16230799, license2:7427…1f08]
[18:37:01] [fBLBk#1] ShyLizard8543: spawned a vehicle (model: rsq8mans)
[18:47:18] txAdmin: Logger started
[18:47:46] [b9jBX#1] ShyLizard8543: joined with identifiers [license:231f…29a3, discord:4656…6394, fivem:16230799, license2:7427…1f08]
[18:48:27] [b9jBX#1] ShyLizard8543: said "e"
[18:48:29] [b9jBX#1] ShyLizard8543: said "hey"
[18:51:23] txAdmin: Logger started
[18:51:46] [Yq47X#1] ShyLizard8543: joined with identifiers [license:231f…29a3, discord:4656…6394, fivem:16230799, license2:7427…1f08]
[18:52:14] [Yq47X#1] ShyLizard8543: said "test"
[18:52:17] [Yq47X#1] ShyLizard8543: said "kiko"
[18:54:42] txAdmin: Logger started
[18:56:51] [U48Be#1] ShyLizard8543: joined with identifiers [license:231f…29a3, discord:4656…6394, fivem:16230799, license2:7427…1f08]
